<?xml version='1.0' encoding='UTF-8'?>
<testsuite hostname="DESKTOP-UJFA3QJ" name="PrenexTests" tests="11" errors="0" failures="0" skipped="0" time="0.1" timestamp="2022-12-11T15:02:17">
          <properties>
      <property name="awt.toolkit" value="sun.awt.X11.XToolkit"/><property name="java.specification.version" value="11"/><property name="sun.cpu.isalist" value=""/><property name="sun.jnu.encoding" value="UTF-8"/><property name="sun.arch.data.model" value="64"/><property name="java.vendor.url" value="https://ubuntu.com/"/><property name="sun.boot.library.path" value="/usr/lib/jvm/java-11-openjdk-amd64/lib"/><property name="sun.java.command" value="/home/mihaicalitescu/.cache/coursier/arc/https/github.com/sbt/sbt/releases/download/v1.6.2/sbt-1.6.2.zip/sbt/bin/sbt-launch.jar test"/><property name="jdk.debug" value="release"/><property name="java.specification.vendor" value="Oracle Corporation"/><property name="java.version.date" value="2022-10-18"/><property name="java.home" value="/usr/lib/jvm/java-11-openjdk-amd64"/><property name="file.separator" value="/"/><property name="java.vm.compressedOopsMode" value="32-bit"/><property name="line.separator" value="
"/><property name="java.specification.name" value="Java Platform API Specification"/><property name="java.vm.specification.vendor" value="Oracle Corporation"/><property name="sun.management.compiler" value="HotSpot 64-Bit Tiered Compilers"/><property name="java.runtime.version" value="11.0.17+8-post-Ubuntu-1ubuntu218.04"/><property name="user.name" value="mihaicalitescu"/><property name="log4j.ignoreTCL" value="true"/><property name="file.encoding" value="UTF-8"/><property name="jnidispatch.path" value="/home/mihaicalitescu/.cache/JNA/temp/jna18006206759673289860.tmp"/><property name="jna.loaded" value="true"/><property name="java.io.tmpdir" value="/tmp"/><property name="java.version" value="11.0.17"/><property name="java.vm.specification.name" value="Java Virtual Machine Specification"/><property name="java.awt.printerjob" value="sun.print.PSPrinterJob"/><property name="sun.os.patch.level" value="unknown"/><property name="java.library.path" value="/usr/java/packages/lib:/usr/lib/x86_64-linux-gnu/jni:/lib/x86_64-linux-gnu:/usr/lib/x86_64-linux-gnu:/usr/lib/jni:/lib:/usr/lib"/><property name="java.vendor" value="Ubuntu"/><property name="scala.ext.dirs" value="/home/mihaicalitescu/.sbt/1.0/java9-rt-ext-ubuntu_11_0_17"/><property name="sun.io.unicode.encoding" value="UnicodeLittle"/><property name="java.class.path" value="/home/mihaicalitescu/.cache/coursier/arc/https/github.com/sbt/sbt/releases/download/v1.6.2/sbt-1.6.2.zip/sbt/bin/sbt-launch.jar"/><property name="java.vm.vendor" value="Ubuntu"/><property name="jline.shutdownhook" value="false"/><property name="user.timezone" value="Europe/Bucharest"/><property name="os.name" value="Linux"/><property name="java.vm.specification.version" value="11"/><property name="sun.java.launcher" value="SUN_STANDARD"/><property name="sun.cpu.endian" value="little"/><property name="user.home" value="/home/mihaicalitescu"/><property name="user.language" value="en"/><property name="sbt.script" value="/home/mihaicalitescu/.cache/coursier/arc/https/github.com/sbt/sbt/releases/download/v1.6.2/sbt-1.6.2.zip/sbt/bin/sbt"/><property name="swoval.tmpdir" value="/home/mihaicalitescu/.sbt/1.0"/><property name="java.awt.graphicsenv" value="sun.awt.X11GraphicsEnvironment"/><property name="jline.esc.timeout" value="0"/><property name="path.separator" value=":"/><property name="os.version" value="5.10.16.3-microsoft-standard-WSL2"/><property name="jna.nosys" value="true"/><property name="java.runtime.name" value="OpenJDK Runtime Environment"/><property name="java.vm.name" value="OpenJDK 64-Bit Server VM"/><property name="jna.platform.library.path" value="/usr/lib/x86_64-linux-gnu:/lib/x86_64-linux-gnu:/lib64:/usr/lib:/lib:/usr/local/lib:/usr/lib/wsl/lib:/usr/lib/x86_64-linux-gnu/tls:/usr/lib/x86_64-linux-gnu/libfakeroot"/><property name="java.vendor.url.bug" value="https://bugs.launchpad.net/ubuntu/+source/openjdk-lts"/><property name="user.dir" value="/mnt/c/Users/mihai/OneDrive/Desktop/Anu 4/LFA/Proiect/mihai/solutions-scala"/><property name="os.arch" value="amd64"/><property name="java.vm.info" value="mixed mode, sharing"/><property name="java.vm.version" value="11.0.17+8-post-Ubuntu-1ubuntu218.04"/><property name="java.class.version" value="55.0"/>
    </properties>
          <testcase classname="PrenexTests" name="Eps" time="0.085">
                      
                    </testcase><testcase classname="PrenexTests" name="Void" time="0.008">
                      
                    </testcase><testcase classname="PrenexTests" name="Atom" time="0.001">
                      
                    </testcase><testcase classname="PrenexTests" name="Union" time="0.001">
                      
                    </testcase><testcase classname="PrenexTests" name="Concat" time="0.001">
                      
                    </testcase><testcase classname="PrenexTests" name="Star" time="0.001">
                      
                    </testcase><testcase classname="PrenexTests" name="Complex regex 1" time="0.0">
                      
                    </testcase><testcase classname="PrenexTests" name="Simple error" time="0.001">
                      
                    </testcase><testcase classname="PrenexTests" name="Complex regex 2" time="0.001">
                      
                    </testcase><testcase classname="PrenexTests" name="Complex regex 3" time="0.001">
                      
                    </testcase><testcase classname="PrenexTests" name="Complex regex error 4" time="0.0">
                      
                    </testcase>
          <system-out><![CDATA[]]></system-out>
          <system-err><![CDATA[]]></system-err>
        </testsuite>